2025-04-04 06:50:31.160930 - Received CBT.V508.FILE257.PDS from FILE257.XMI 
2025-04-04 06:50:31.161831 - Found $$$#DATE.txt (text/plain) in CBT.V508.FILE257.PDS, moved to PDS/$$$#DATE
2025-04-04 06:50:31.161973 - Found $$$DOC.txt (text/plain) in CBT.V508.FILE257.PDS, moved to PDS/$$$DOC
2025-04-04 06:50:31.162131 - Found @FILE257.txt (text/plain) in CBT.V508.FILE257.PDS, moved to PDS/@FILE257
2025-04-04 06:50:31.162265 - Found HDP2230.txt (text/plain) in CBT.V508.FILE257.PDS, moved to PDS/HDP2230
2025-04-04 06:50:31.162384 - Found HDP2240.txt (text/plain) in CBT.V508.FILE257.PDS, moved to PDS/HDP2240
2025-04-04 06:50:31.162501 - Found HDQ1102.txt (text/plain) in CBT.V508.FILE257.PDS, moved to PDS/HDQ1102
2025-04-04 06:50:31.162618 - Found HDZ11C0.txt (text/plain) in CBT.V508.FILE257.PDS, moved to PDS/HDZ11C0
2025-04-04 06:50:31.162738 - Found JDZ1110.txt (text/plain) in CBT.V508.FILE257.PDS, moved to PDS/JDZ1110
2025-04-04 06:50:31.162860 - Found MVS38.txt (text/plain) in CBT.V508.FILE257.PDS, moved to PDS/MVS38
2025-04-04 06:50:31.162999 - Found MVS38HEW.xmi (application/xmit) in CBT.V508.FILE257.PDS, moved to PDS/MVS38HEW.xmi
2025-04-04 06:50:31.173886 - Received SBGOLOB.HEWL38.LINKLIB from MVS38HEW.xmi 
2025-04-04 06:50:31.174199 - Found alias HEWL to HEWLF064 in SBGOLOB.HEWL38.LINKLIB, moved to PDS/HEWL
2025-04-04 06:50:31.174363 - Found HEWLF064.bin (application/octet-stream) in SBGOLOB.HEWL38.LINKLIB, moved to MVS38HEW/HEWLF064
2025-04-04 06:50:31.174417 - Found alias IEWL to HEWLF064 in SBGOLOB.HEWL38.LINKLIB, moved to PDS/IEWL
2025-04-04 06:50:31.174458 - Found alias IEWLF128 to HEWLF064 in SBGOLOB.HEWL38.LINKLIB, moved to PDS/IEWLF128
2025-04-04 06:50:31.174500 - Found alias IEWLF440 to HEWLF064 in SBGOLOB.HEWL38.LINKLIB, moved to PDS/IEWLF440
2025-04-04 06:50:31.174540 - Found alias IEWLF880 to HEWLF064 in SBGOLOB.HEWL38.LINKLIB, moved to PDS/IEWLF880
2025-04-04 06:50:31.174579 - Found alias LINKEDIT to HEWLF064 in SBGOLOB.HEWL38.LINKLIB, moved to PDS/LINKEDIT
2025-04-04 06:50:31.175031 - Found MVT.txt (text/plain) in CBT.V508.FILE257.PDS, moved to PDS/MVT
2025-04-04 06:50:31.175213 - Found MVTIEWL.xmi (application/xmit) in CBT.V508.FILE257.PDS, moved to PDS/MVTIEWL.xmi
2025-04-04 06:50:31.185065 - Received SBGOLOB.HEWLMVT.LINKLIB from MVTIEWL.xmi 
2025-04-04 06:50:31.185325 - Found alias IEWL to IEWLF440 in SBGOLOB.HEWLMVT.LINKLIB, moved to PDS/IEWL
2025-04-04 06:50:31.185473 - Found IEWLF440.bin (application/octet-stream) in SBGOLOB.HEWLMVT.LINKLIB, moved to MVTIEWL/IEWLF440
2025-04-04 06:50:31.185524 - Found alias LINKEDIT to IEWLF440 in SBGOLOB.HEWLMVT.LINKLIB, moved to PDS/LINKEDIT
2025-04-04 06:50:31.185862 - Found RUNZAP.jcl (text/plain) in CBT.V508.FILE257.PDS, moved to PDS/RUNZAP
2025-04-04 06:50:31.185987 - Found RUNZAP1.jcl (text/plain) in CBT.V508.FILE257.PDS, moved to PDS/RUNZAP1
